{"level":"error","message":"EFATAL","timestamp":"2024-08-10T18:05:51.206Z"}
{"code":"ETIMEOUT","hostname":"_mongodb._tcp.cluster0.6iiyk.mongodb.net","level":"error","message":"Failed to connect to MongoDB: querySrv ETIMEOUT _mongodb._tcp.cluster0.6iiyk.mongodb.net","stack":"Error: querySrv ETIMEOUT _mongodb._tcp.cluster0.6iiyk.mongodb.net\n    at QueryReqWrap.onresolve [as oncomplete] (node:internal/dns/promises:293:17)","syscall":"querySrv","timestamp":"2024-08-10T18:05:58.747Z"}
{"level":"info","message":"Connected to MongoDB successfully.","timestamp":"2024-08-10T18:08:19.658Z"}
{"level":"info","message":"User registered: 6617914765","timestamp":"2024-08-10T18:19:39.341Z"}
{"level":"info","message":"Bot server is shutting down...","timestamp":"2024-08-10T18:29:38.369Z"}
{"level":"info","message":"Connected to MongoDB successfully.","timestamp":"2024-08-10T18:34:34.326Z"}
{"level":"info","message":"Connected to MongoDB successfully.","timestamp":"2024-08-10T18:47:08.922Z"}
{"level":"info","message":"User registered: 6617914765","timestamp":"2024-08-10T18:47:42.932Z"}
{"level":"info","message":"Connected to MongoDB successfully.","timestamp":"2024-08-10T18:54:36.623Z"}
{"level":"info","message":"User registered: 6617914765","timestamp":"2024-08-10T18:54:58.822Z"}
{"level":"info","message":"Connected to MongoDB successfully.","timestamp":"2024-08-10T18:59:53.843Z"}
{"level":"info","message":"Connected to MongoDB successfully.","timestamp":"2024-08-10T19:02:28.704Z"}
{"level":"info","message":"User registered: 6617914765","timestamp":"2024-08-10T19:03:28.823Z"}
{"level":"info","message":"Task created: 66b7b98ffeeb5c373dec08c5 for user 6617914765","timestamp":"2024-08-10T19:03:44.534Z"}
{"level":"info","message":"Connected to MongoDB successfully.","timestamp":"2024-08-10T19:04:32.119Z"}
{"level":"error","message":"Unhandled Rejection at:","timestamp":"2024-08-11T23:45:09.931Z"}
{"level":"info","message":"Connected to MongoDB successfully.","timestamp":"2024-08-11T23:48:36.576Z"}
{"level":"info","message":"User registered: 6617914765","timestamp":"2024-08-11T23:48:48.609Z"}
{"level":"info","message":"Bot server is shutting down...","timestamp":"2024-08-11T23:49:18.310Z"}
{"level":"info","message":"Connected to MongoDB successfully.","timestamp":"2024-08-12T16:43:13.622Z"}
{"level":"error","message":"EFATAL","timestamp":"2024-08-12T16:44:02.114Z"}
{"level":"error","message":"EFATAL","timestamp":"2024-08-12T16:44:33.521Z"}
{"level":"error","message":"EFATAL","timestamp":"2024-08-12T16:45:08.167Z"}
{"level":"error","message":"EFATAL","timestamp":"2024-08-12T16:45:40.048Z"}
{"level":"error","message":"EFATAL","timestamp":"2024-08-12T16:46:11.394Z"}
{"level":"error","message":"EFATAL","timestamp":"2024-08-12T16:46:42.035Z"}
{"level":"error","message":"EFATAL","timestamp":"2024-08-12T16:47:15.245Z"}
{"level":"error","message":"EFATAL","timestamp":"2024-08-12T16:47:47.953Z"}
{"level":"error","message":"EFATAL","timestamp":"2024-08-12T16:48:19.994Z"}
{"level":"error","message":"EFATAL","timestamp":"2024-08-12T17:29:56.076Z"}
{"level":"error","message":"EFATAL","timestamp":"2024-08-12T17:30:31.105Z"}
{"level":"error","message":"EFATAL","timestamp":"2024-08-12T17:31:07.189Z"}
{"level":"error","message":"EFATAL","timestamp":"2024-08-12T17:31:39.730Z"}
{"level":"error","message":"EFATAL","timestamp":"2024-08-12T17:32:14.049Z"}
{"level":"error","message":"EFATAL","timestamp":"2024-08-12T17:32:46.700Z"}
{"level":"error","message":"EFATAL","timestamp":"2024-08-12T17:33:20.954Z"}
{"level":"error","message":"EFATAL","timestamp":"2024-08-12T17:33:55.536Z"}
{"level":"error","message":"EFATAL","timestamp":"2024-08-12T19:04:14.564Z"}
{"level":"error","message":"EFATAL","timestamp":"2024-08-12T19:04:15.211Z"}
{"level":"error","message":"EFATAL","timestamp":"2024-08-12T19:04:15.786Z"}
{"level":"error","message":"EFATAL","timestamp":"2024-08-12T19:04:17.019Z"}
{"level":"error","message":"EFATAL","timestamp":"2024-08-12T19:04:18.043Z"}
{"level":"error","message":"EFATAL","timestamp":"2024-08-12T19:04:20.288Z"}
{"level":"error","message":"EFATAL","timestamp":"2024-08-12T19:04:21.348Z"}
{"level":"error","message":"EFATAL","timestamp":"2024-08-12T19:04:22.823Z"}
{"level":"error","message":"EFATAL","timestamp":"2024-08-12T19:04:23.790Z"}
{"level":"error","message":"EFATAL","timestamp":"2024-08-12T19:04:24.800Z"}
{"level":"error","message":"EFATAL","timestamp":"2024-08-12T19:04:25.398Z"}
{"level":"error","message":"EFATAL","timestamp":"2024-08-12T19:04:26.162Z"}
{"level":"error","message":"EFATAL","timestamp":"2024-08-12T19:04:26.565Z"}
{"level":"error","message":"EFATAL","timestamp":"2024-08-12T19:04:27.447Z"}
{"level":"error","message":"EFATAL","timestamp":"2024-08-12T19:04:30.394Z"}
{"level":"error","message":"EFATAL","timestamp":"2024-08-12T19:05:32.842Z"}
{"level":"error","message":"EFATAL","timestamp":"2024-08-12T19:06:23.072Z"}
{"level":"error","message":"EFATAL","timestamp":"2024-08-12T19:07:08.524Z"}
{"level":"error","message":"EFATAL","timestamp":"2024-08-12T19:07:35.705Z"}
{"level":"error","message":"EFATAL","timestamp":"2024-08-12T19:08:04.758Z"}
{"level":"error","message":"EFATAL","timestamp":"2024-08-12T19:08:54.203Z"}
{"level":"error","message":"EFATAL","timestamp":"2024-08-12T19:09:58.576Z"}
{"level":"error","message":"EFATAL","timestamp":"2024-08-12T19:10:38.009Z"}
{"level":"error","message":"EFATAL","timestamp":"2024-08-12T19:11:07.740Z"}
{"level":"error","message":"EFATAL","timestamp":"2024-08-12T19:11:39.970Z"}
{"level":"error","message":"EFATAL","timestamp":"2024-08-12T19:12:13.275Z"}
{"level":"error","message":"EFATAL","timestamp":"2024-08-12T19:17:12.467Z"}
{"level":"error","message":"EFATAL","timestamp":"2024-08-12T19:17:41.849Z"}
{"level":"error","message":"EFATAL","timestamp":"2024-08-12T19:18:09.842Z"}
{"level":"error","message":"EFATAL","timestamp":"2024-08-12T19:18:37.418Z"}
{"level":"error","message":"EFATAL","timestamp":"2024-08-12T19:19:06.171Z"}
{"level":"error","message":"EFATAL","timestamp":"2024-08-12T19:19:51.218Z"}
{"level":"error","message":"EFATAL","timestamp":"2024-08-12T19:20:21.781Z"}
{"level":"info","message":"Connected to MongoDB successfully.","timestamp":"2024-08-12T19:20:54.344Z"}
{"level":"error","message":"EFATAL","timestamp":"2024-08-12T19:21:20.480Z"}
{"level":"info","message":"Connected to MongoDB successfully.","timestamp":"2024-08-12T19:21:37.363Z"}
{"level":"info","message":"Connected to MongoDB successfully.","timestamp":"2024-08-12T19:22:02.853Z"}
{"level":"error","message":"Polling error (EFATAL): EFATAL: Error: read ECONNRESET","timestamp":"2024-08-12T19:22:48.793Z"}
{"level":"info","message":"Bot server is shutting down...","timestamp":"2024-08-12T19:23:34.031Z"}
{"level":"info","message":"Connected to MongoDB successfully.","timestamp":"2024-08-12T19:23:40.384Z"}
{"level":"error","message":"Polling error (EFATAL): EFATAL: Error: read ECONNRESET","timestamp":"2024-08-12T19:24:28.444Z"}
{"level":"error","message":"Polling error (EFATAL): EFATAL: Error: read ECONNRESET","timestamp":"2024-08-12T19:24:58.297Z"}
{"level":"error","message":"Polling error (EFATAL): EFATAL: Error: read ECONNRESET","timestamp":"2024-08-12T19:25:28.198Z"}
{"level":"error","message":"Polling error (EFATAL): EFATAL: Error: read ECONNRESET","timestamp":"2024-08-12T19:25:56.291Z"}
{"level":"info","message":"Bot server is shutting down...","timestamp":"2024-08-12T19:26:00.176Z"}
{"level":"info","message":"Connected to MongoDB successfully.","timestamp":"2024-08-12T19:26:19.452Z"}
{"level":"error","message":"Polling error (EFATAL): EFATAL: Error: read ECONNRESET","timestamp":"2024-08-12T19:27:03.808Z"}
{"level":"error","message":"Polling error (EFATAL): EFATAL: Error: read ECONNRESET","timestamp":"2024-08-12T19:27:52.183Z"}
{"level":"error","message":"Polling error (EFATAL): EFATAL: Error: read ECONNRESET","timestamp":"2024-08-12T19:28:41.833Z"}
{"level":"error","message":"Polling error (EFATAL): EFATAL: Error: read ECONNRESET","timestamp":"2024-08-12T19:28:54.157Z"}
{"level":"info","message":"Bot server is shutting down...","timestamp":"2024-08-12T19:28:58.683Z"}
{"level":"info","message":"Connected to MongoDB successfully.","timestamp":"2024-08-12T19:29:06.392Z"}
{"level":"info","message":"User registered: 6617914765","timestamp":"2024-08-12T19:29:38.099Z"}
